{
  "stats": {
    "suites": 1,
    "tests": 1,
    "passes": 1,
    "pending": 0,
    "failures": 0,
    "start": "2022-03-04T21:33:56.895Z",
    "end": "2022-03-04T21:33:59.218Z",
    "duration": 2323,
    "testsRegistered": 1,
    "passPercent": 100,
    "pendingPercent": 0,
    "other": 0,
    "hasOther": false,
    "skipped": 0,
    "hasSkipped": false
  },
  "results": [
    {
      "uuid": "c037d9e1-6712-4cfa-98a2-aa1686bd7887",
      "title": "",
      "fullFile": "",
      "file": "",
      "beforeHooks": [],
      "afterHooks": [],
      "tests": [],
      "suites": [
        {
          "uuid": "9355196c-8b9c-4d80-a14c-98d9b8e1f3a7",
          "title": "API - Motivation of the Day",
          "fullFile": "",
          "file": "",
          "beforeHooks": [],
          "afterHooks": [],
          "tests": [
            {
              "title": "Motivation of the Day 401 Response",
              "fullTitle": "API - Motivation of the Day Motivation of the Day 401 Response",
              "timedOut": null,
              "duration": 2300,
              "state": "passed",
              "speed": "fast",
              "pass": true,
              "fail": false,
              "pending": false,
              "context": null,
              "code": "cy.get('@loginInfo').then(response => {\n  const decodedObject = JSON.parse(atob(response.body.signInResponsePayload));\n  const token = decodedObject.signInUserSession.idToken.jwtToken;\n  const salesforceId = decodedObject.signInUserSession.idToken.payload['custom:salesforceId'];\n  console.log(token);\n  console.log(salesforceId);\n  cy.request({\n    method: 'GET',\n    url: 'https://z8m0fpo6yl.execute-api.us-east-1.amazonaws.com/v1/member/FakeMember/motivation-of-the-day',\n    headers: {\n      brand: 'Pack Health',\n      authorization: 'Bearer ' + token\n    },\n    failOnStatusCode: false\n  }).as('motdInfo');\n  cy.get('@motdInfo').then(response => {\n    console.log(response);\n    expect(response.status).to.equal(401);\n    expect(response.body.message).to.equal('Unauthorized');\n  });\n});",
              "err": {},
              "uuid": "42ae9233-ad49-4b78-8c58-6da54e9a8064",
              "parentUUID": "9355196c-8b9c-4d80-a14c-98d9b8e1f3a7",
              "isHook": false,
              "skipped": false
            }
          ],
          "suites": [],
          "passes": [
            "42ae9233-ad49-4b78-8c58-6da54e9a8064"
          ],
          "failures": [],
          "pending": [],
          "skipped": [],
          "duration": 2300,
          "root": false,
          "rootEmpty": false,
          "_timeout": 2000
        }
      ],
      "passes": [],
      "failures": [],
      "pending": [],
      "skipped": [],
      "duration": 0,
      "root": true,
      "rootEmpty": true,
      "_timeout": 2000
    }
  ],
  "meta": {
    "mocha": {
      "version": "7.0.1"
    },
    "mochawesome": {
      "options": {
        "quiet": false,
        "reportFilename": "mochawesome",
        "saveHtml": false,
        "saveJson": true,
        "consoleReporter": "spec",
        "useInlineDiffs": false,
        "code": true
      },
      "version": "7.1.0"
    },
    "marge": {
      "options": {
        "overwrite": false,
        "html": false,
        "json": true
      },
      "version": "6.1.0"
    }
  }
}