{
  "stats": {
    "suites": 1,
    "tests": 1,
    "passes": 1,
    "pending": 0,
    "failures": 0,
    "start": "2022-03-04T21:34:11.000Z",
    "end": "2022-03-04T21:34:13.915Z",
    "duration": 2915,
    "testsRegistered": 1,
    "passPercent": 100,
    "pendingPercent": 0,
    "other": 0,
    "hasOther": false,
    "skipped": 0,
    "hasSkipped": false
  },
  "results": [
    {
      "uuid": "e3e1c1fe-045e-433e-930f-00c66648195d",
      "title": "",
      "fullFile": "",
      "file": "",
      "beforeHooks": [],
      "afterHooks": [],
      "tests": [],
      "suites": [
        {
          "uuid": "666b3e6b-f3bc-4e9f-aab7-22a8329b680f",
          "title": "API - Tiny Steps",
          "fullFile": "",
          "file": "",
          "beforeHooks": [],
          "afterHooks": [],
          "tests": [
            {
              "title": "Tiny Step 200 Response",
              "fullTitle": "API - Tiny Steps Tiny Step 200 Response",
              "timedOut": null,
              "duration": 2868,
              "state": "passed",
              "speed": "fast",
              "pass": true,
              "fail": false,
              "pending": false,
              "context": null,
              "code": "cy.get('@loginInfo').then(response => {\n  const decodedObject = JSON.parse(atob(response.body.signInResponsePayload));\n  const token = decodedObject.signInUserSession.idToken.jwtToken;\n  const salesforceId = decodedObject.signInUserSession.idToken.payload['custom:salesforceId'];\n  console.log(token);\n  console.log(salesforceId);\n  cy.request({\n    method: 'GET',\n    url: 'https://z8m0fpo6yl.execute-api.us-east-1.amazonaws.com/v1/member/' + salesforceId + '/tiny-steps/',\n    headers: {\n      brand: 'Pack Health',\n      authorization: 'Bearer ' + token\n    },\n    failOnStatusCode: false\n  }).as('tinyStepInfo');\n  cy.get('@tinyStepInfo').then(response => {\n    const responseBodyObjectLength = Object.keys(response.body).length;\n    const tinyStepObjectLength = Object.keys(response.body.tinySteps[0]).length;\n    console.log(response);\n    expect(response.status).to.equal(200);\n    expect(responseBodyObjectLength).to.be.equal(2);\n    expect(tinyStepObjectLength).to.be.equal(17);\n    expect(response.body.success).to.be.a('boolean');\n    expect(response.body.tinySteps).to.be.a('array');\n    expect(response.body.tinySteps[0].actionDescription).to.be.a('string');\n    expect(response.body.tinySteps[0].prompt).to.be.a('string');\n    expect(response.body.tinySteps[0].celebration).to.be.a('string');\n    expect(response.body.tinySteps[0].createdDate).to.be.a('string');\n    expect(response.body.tinySteps[0].targetValue).to.be.a('number');\n    expect(response.body.tinySteps[0].actualValue).to.be.null;\n    expect(response.body.tinySteps[0].endDate).to.be.null;\n    expect(response.body.tinySteps[0].feedback).to.be.null;\n    expect(response.body.tinySteps[0].feedbackSentDate).to.be.null;\n    expect(response.body.tinySteps[0].isAchieved).to.be.null;\n  });\n});",
              "err": {},
              "uuid": "3a1ec402-e3c8-4089-933d-e9e4fb94cf4e",
              "parentUUID": "666b3e6b-f3bc-4e9f-aab7-22a8329b680f",
              "isHook": false,
              "skipped": false
            }
          ],
          "suites": [],
          "passes": [
            "3a1ec402-e3c8-4089-933d-e9e4fb94cf4e"
          ],
          "failures": [],
          "pending": [],
          "skipped": [],
          "duration": 2868,
          "root": false,
          "rootEmpty": false,
          "_timeout": 2000
        }
      ],
      "passes": [],
      "failures": [],
      "pending": [],
      "skipped": [],
      "duration": 0,
      "root": true,
      "rootEmpty": true,
      "_timeout": 2000
    }
  ],
  "meta": {
    "mocha": {
      "version": "7.0.1"
    },
    "mochawesome": {
      "options": {
        "quiet": false,
        "reportFilename": "mochawesome",
        "saveHtml": false,
        "saveJson": true,
        "consoleReporter": "spec",
        "useInlineDiffs": false,
        "code": true
      },
      "version": "7.1.0"
    },
    "marge": {
      "options": {
        "overwrite": false,
        "html": false,
        "json": true
      },
      "version": "6.1.0"
    }
  }
}