{
  "stats": {
    "suites": 1,
    "tests": 1,
    "passes": 0,
    "pending": 0,
    "failures": 1,
    "start": "2022-03-04T21:34:09.035Z",
    "end": "2022-03-04T21:34:09.735Z",
    "duration": 700,
    "testsRegistered": 1,
    "passPercent": 0,
    "pendingPercent": 0,
    "other": 0,
    "hasOther": false,
    "skipped": 0,
    "hasSkipped": false
  },
  "results": [
    {
      "uuid": "6a87f155-361f-487e-b2ed-c7caf8a34948",
      "title": "",
      "fullFile": "",
      "file": "",
      "beforeHooks": [],
      "afterHooks": [],
      "tests": [],
      "suites": [
        {
          "uuid": "9106de02-44f3-4369-a838-c08a6fe4a06d",
          "title": "API - Send Reset Password Code",
          "fullFile": "",
          "file": "",
          "beforeHooks": [],
          "afterHooks": [],
          "tests": [
            {
              "title": "Verify 200 Response",
              "fullTitle": "API - Send Reset Password Code Verify 200 Response",
              "timedOut": null,
              "duration": 639,
              "state": "failed",
              "speed": null,
              "pass": false,
              "fail": true,
              "pending": false,
              "context": null,
              "code": "cy.request({\n  method: 'GET',\n  url: 'https://z8m0fpo6yl.execute-api.us-east-1.amazonaws.com/v1/user/tim.hatcher+hi1@packhealth.com/send-reset-password-code',\n  failOnStatusCode: false\n}).as('passwordCodeInfo');\ncy.get('@passwordCodeInfo').then(response => {\n  const responseBodyObjectLength = Object.keys(response.body).length;\n  console.log(response);\n  expect(response.status).to.equal(200);\n  expect(responseBodyObjectLength).to.be.equal(4);\n  expect(response.body.success).to.be.a('boolean');\n  expect(response.body.errorMessage).to.be.null;\n  expect(response.body.userExists).to.be.a('boolean');\n  expect(response.body.verificationCodeSent).to.be.a('boolean');\n});",
              "err": {
                "message": "AssertionError: expected 500 to equal 200",
                "estack": "AssertionError: expected 500 to equal 200\n    at Context.eval (http://localhost:64617/__cypress/tests?p=cypress\\integration\\memberWebApp\\sendResetPasswordCode200.spec.js:109:34)",
                "diff": "- 500\n+ 200\n"
              },
              "uuid": "4006cc65-d335-457f-8d5a-71a36867b64d",
              "parentUUID": "9106de02-44f3-4369-a838-c08a6fe4a06d",
              "isHook": false,
              "skipped": false
            }
          ],
          "suites": [],
          "passes": [],
          "failures": [
            "4006cc65-d335-457f-8d5a-71a36867b64d"
          ],
          "pending": [],
          "skipped": [],
          "duration": 639,
          "root": false,
          "rootEmpty": false,
          "_timeout": 2000
        }
      ],
      "passes": [],
      "failures": [],
      "pending": [],
      "skipped": [],
      "duration": 0,
      "root": true,
      "rootEmpty": true,
      "_timeout": 2000
    }
  ],
  "meta": {
    "mocha": {
      "version": "7.0.1"
    },
    "mochawesome": {
      "options": {
        "quiet": false,
        "reportFilename": "mochawesome",
        "saveHtml": false,
        "saveJson": true,
        "consoleReporter": "spec",
        "useInlineDiffs": false,
        "code": true
      },
      "version": "7.1.0"
    },
    "marge": {
      "options": {
        "overwrite": false,
        "html": false,
        "json": true
      },
      "version": "6.1.0"
    }
  }
}