{
  "stats": {
    "suites": 1,
    "tests": 1,
    "passes": 1,
    "pending": 0,
    "failures": 0,
    "start": "2022-03-04T21:33:43.524Z",
    "end": "2022-03-04T21:33:47.269Z",
    "duration": 3745,
    "testsRegistered": 1,
    "passPercent": 100,
    "pendingPercent": 0,
    "other": 0,
    "hasOther": false,
    "skipped": 0,
    "hasSkipped": false
  },
  "results": [
    {
      "uuid": "bdcc895a-c5cb-4974-9eb3-a67ae8b0d6db",
      "title": "",
      "fullFile": "",
      "file": "",
      "beforeHooks": [],
      "afterHooks": [],
      "tests": [],
      "suites": [
        {
          "uuid": "d1e5f2d1-99a9-4313-a0d3-8aea4f572a6a",
          "title": "API - Hero Image",
          "fullFile": "",
          "file": "",
          "beforeHooks": [],
          "afterHooks": [],
          "tests": [
            {
              "title": "Hero image 200 Response - Primary conidtion and brand with spanish hero image assigned returns success with images",
              "fullTitle": "API - Hero Image Hero image 200 Response - Primary conidtion and brand with spanish hero image assigned returns success with images",
              "timedOut": null,
              "duration": 3720,
              "state": "passed",
              "speed": "fast",
              "pass": true,
              "fail": false,
              "pending": false,
              "context": null,
              "code": "cy.get('@loginInfo').then(response => {\n  const decodedObject = JSON.parse(atob(response.body.signInResponsePayload));\n  const token = decodedObject.signInUserSession.idToken.jwtToken;\n  const salesforceId = decodedObject.signInUserSession.idToken.payload['custom:salesforceId'];\n  console.log(token);\n  console.log(salesforceId);\n  cy.request({\n    method: 'GET',\n    url: 'https://z8m0fpo6yl.execute-api.us-east-1.amazonaws.com/v1/member/' + salesforceId + '/hero-image/eyJtZW1iZXJJZCI6IjAwMzJDMDAwMDBkaGZvalFBQSIsIm1vZHVsZUlkIjoiNTAwMkMwMDAwMEJPdTU0UUFEIiwibGVzc29uUGhsdWlkIjoiM0xTNUU5NUY5N0UwMERFNyIsInNob3VsZERpc3BsYXlTdXJ2ZXkiOnRydWV9',\n    headers: {\n      brand: 'Pack Health',\n      authorization: 'Bearer ' + token\n    },\n    failOnStatusCode: false\n  }).as('heroImageInfo');\n  cy.get('@heroImageInfo').then(response => {\n    const responseBodyObjectLength = Object.keys(response.body).length;\n    const heroImageObjectLength = Object.keys(response.body.heroImageInfo).length;\n    console.log(response);\n    expect(response.status).to.equal(200);\n    expect(responseBodyObjectLength).to.be.equal(3);\n    expect(heroImageObjectLength).to.be.equal(2);\n    expect(response.body.success).to.be.a('boolean');\n    expect(response.body.errorMessage).to.be.null;\n    expect(response.body.heroImageInfo.heroImageUrl).to.be.a('string');\n    expect(response.body.heroImageInfo.heroImageAltText).to.be.a('string');\n    expect(response.body.heroImageInfo.heroImageAltText).to.include('Spanish');\n  });\n});",
              "err": {},
              "uuid": "d1efdbaf-d796-46b5-bd2b-2c2485d946b1",
              "parentUUID": "d1e5f2d1-99a9-4313-a0d3-8aea4f572a6a",
              "isHook": false,
              "skipped": false
            }
          ],
          "suites": [],
          "passes": [
            "d1efdbaf-d796-46b5-bd2b-2c2485d946b1"
          ],
          "failures": [],
          "pending": [],
          "skipped": [],
          "duration": 3720,
          "root": false,
          "rootEmpty": false,
          "_timeout": 2000
        }
      ],
      "passes": [],
      "failures": [],
      "pending": [],
      "skipped": [],
      "duration": 0,
      "root": true,
      "rootEmpty": true,
      "_timeout": 2000
    }
  ],
  "meta": {
    "mocha": {
      "version": "7.0.1"
    },
    "mochawesome": {
      "options": {
        "quiet": false,
        "reportFilename": "mochawesome",
        "saveHtml": false,
        "saveJson": true,
        "consoleReporter": "spec",
        "useInlineDiffs": false,
        "code": true
      },
      "version": "7.1.0"
    },
    "marge": {
      "options": {
        "overwrite": false,
        "html": false,
        "json": true
      },
      "version": "6.1.0"
    }
  }
}