{
  "stats": {
    "suites": 1,
    "tests": 1,
    "passes": 1,
    "pending": 0,
    "failures": 0,
    "start": "2022-03-04T21:33:30.582Z",
    "end": "2022-03-04T21:33:32.934Z",
    "duration": 2352,
    "testsRegistered": 1,
    "passPercent": 100,
    "pendingPercent": 0,
    "other": 0,
    "hasOther": false,
    "skipped": 0,
    "hasSkipped": false
  },
  "results": [
    {
      "uuid": "40866996-6ee5-4638-8b49-b8c5b2674221",
      "title": "",
      "fullFile": "",
      "file": "",
      "beforeHooks": [],
      "afterHooks": [],
      "tests": [],
      "suites": [
        {
          "uuid": "f93ac08e-52df-47e4-a0a0-f11e4f985446",
          "title": "API - Hero Image",
          "fullFile": "",
          "file": "",
          "beforeHooks": [],
          "afterHooks": [],
          "tests": [
            {
              "title": "Hero image 401 Response",
              "fullTitle": "API - Hero Image Hero image 401 Response",
              "timedOut": null,
              "duration": 2327,
              "state": "passed",
              "speed": "fast",
              "pass": true,
              "fail": false,
              "pending": false,
              "context": null,
              "code": "cy.get('@loginInfo').then(response => {\n  const decodedObject = JSON.parse(atob(response.body.signInResponsePayload));\n  const token = decodedObject.signInUserSession.idToken.jwtToken;\n  const salesforceId = decodedObject.signInUserSession.idToken.payload['custom:salesforceId'];\n  console.log(token);\n  console.log(salesforceId);\n  cy.request({\n    method: 'GET',\n    url: 'https://z8m0fpo6yl.execute-api.us-east-1.amazonaws.com/v1/member/FakeMember/hero-image/eyJtZW1iZXJJZCI6IjAwMzJDMDAwMDBiV1RHd1FBTyIsIm1vZHVsZUlkIjoiNTAwMkMwMDAwMEFhTnlDUUFWIiwibGVzc29uUGhsdWlkIjoiM0xTNUU5NUY5N0UwMERFNyIsInNob3VsZERpc3BsYXlTdXJ2ZXkiOnRydWUsIm9yaWdpbiI6InBhY2tfaGVhbHRoX3BvcnRhbCJ9',\n    headers: {\n      brand: 'Pack Health',\n      authorization: 'Bearer ' + token\n    },\n    failOnStatusCode: false\n  }).as('heroImageInfo');\n  cy.get('@heroImageInfo').then(response => {\n    console.log(response);\n    expect(response.status).to.equal(401);\n    expect(response.body.message).to.equal('Unauthorized');\n  });\n});",
              "err": {},
              "uuid": "6a8ee17a-1061-4910-8a87-c04a977b78a0",
              "parentUUID": "f93ac08e-52df-47e4-a0a0-f11e4f985446",
              "isHook": false,
              "skipped": false
            }
          ],
          "suites": [],
          "passes": [
            "6a8ee17a-1061-4910-8a87-c04a977b78a0"
          ],
          "failures": [],
          "pending": [],
          "skipped": [],
          "duration": 2327,
          "root": false,
          "rootEmpty": false,
          "_timeout": 2000
        }
      ],
      "passes": [],
      "failures": [],
      "pending": [],
      "skipped": [],
      "duration": 0,
      "root": true,
      "rootEmpty": true,
      "_timeout": 2000
    }
  ],
  "meta": {
    "mocha": {
      "version": "7.0.1"
    },
    "mochawesome": {
      "options": {
        "quiet": false,
        "reportFilename": "mochawesome",
        "saveHtml": false,
        "saveJson": true,
        "consoleReporter": "spec",
        "useInlineDiffs": false,
        "code": true
      },
      "version": "7.1.0"
    },
    "marge": {
      "options": {
        "overwrite": false,
        "html": false,
        "json": true
      },
      "version": "6.1.0"
    }
  }
}